<?xml version="1.0" encoding="UTF-8"?>
<!-- Generated by org.testng.reporters.JUnitReportReporter -->
<testsuite hostname="DESKTOP-HS9EPSU" failures="0" tests="1" name="testcases.Tc_011_invalid_flightstatus" time="26.491" errors="0" timestamp="2023-12-07T19:42:36 IST" skipped="0">
  <testcase classname="testcases.Tc_011_invalid_flightstatus" name="invalidflightstatus" time="26.491"/>
</testsuite> <!-- testcases.Tc_011_invalid_flightstatus -->
