<?xml version="1.0" encoding="UTF-8"?>
<!-- Generated by org.testng.reporters.JUnitReportReporter -->
<testsuite hostname="DESKTOP-HS9EPSU" failures="0" tests="1" name="testcases.Tc_010_invalid_checkin" time="26.981" errors="0" timestamp="2023-12-07T19:42:36 IST" skipped="0">
  <testcase classname="testcases.Tc_010_invalid_checkin" name="invalidcheckin" time="26.981"/>
</testsuite> <!-- testcases.Tc_010_invalid_checkin -->
