<?xml version="1.0" encoding="UTF-8"?>
<!-- Generated by org.testng.reporters.JUnitReportReporter -->
<testsuite hostname="DESKTOP-HS9EPSU" failures="0" tests="1" name="testcases.Tc_005_valid_onewaytrip" time="129.781" errors="0" timestamp="2023-12-07T19:42:36 IST" skipped="0">
  <testcase classname="testcases.Tc_005_valid_onewaytrip" name="validonewaytip" time="129.781"/>
</testsuite> <!-- testcases.Tc_005_valid_onewaytrip -->
