<?xml version="1.0" encoding="UTF-8"?>
<!-- Generated by org.testng.reporters.JUnitReportReporter -->
<testsuite hostname="DESKTOP-HS9EPSU" failures="0" tests="1" name="testcases.Tc_009_valid_managebooking" time="25.426" errors="0" timestamp="2023-12-07T19:42:36 IST" skipped="0">
  <testcase classname="testcases.Tc_009_valid_managebooking" name="validmanagebooking" time="25.426"/>
</testsuite> <!-- testcases.Tc_009_valid_managebooking -->
