<?xml version="1.0" encoding="UTF-8"?>
<!-- Generated by org.testng.reporters.JUnitReportReporter -->
<testsuite hostname="DESKTOP-HS9EPSU" failures="0" tests="1" name="testcases.Tc_006_valid_rountrip" time="61.511" errors="0" timestamp="2023-12-04T21:10:19 IST" skipped="0">
  <testcase classname="testcases.Tc_006_valid_rountrip" name="validroundtrip" time="61.511"/>
</testsuite> <!-- testcases.Tc_006_valid_rountrip -->
