<?xml version="1.0" encoding="UTF-8"?>
<!-- Generated by org.testng.reporters.JUnitReportReporter -->
<testsuite hostname="DESKTOP-HS9EPSU" failures="0" tests="1" name="testcases.Tc_012_invalid_managebooking" time="22.935" errors="0" timestamp="2023-12-07T19:42:36 IST" skipped="0">
  <testcase classname="testcases.Tc_012_invalid_managebooking" name="invalidmanagebooking" time="22.935"/>
</testsuite> <!-- testcases.Tc_012_invalid_managebooking -->
