<?xml version="1.0" encoding="UTF-8"?>
<!-- Generated by org.testng.reporters.JUnitReportReporter -->
<testsuite hostname="DESKTOP-HS9EPSU" failures="0" tests="1" name="testcases.Tc_004_valid_loginpage" time="36.498" errors="0" timestamp="2023-12-04T11:31:37 IST" skipped="0">
  <testcase classname="testcases.Tc_004_valid_loginpage" name="validloginpage" time="36.498"/>
</testsuite> <!-- testcases.Tc_004_valid_loginpage -->
